* using log directory 'C:/Users/Magda/Desktop/Studia/stopień 2/SEM3/RProject/projekt_pakiet/DataFrame.Rcheck'
* using R version 4.2.2 (2022-10-31 ucrt)
* using platform: x86_64-w64-mingw32 (64-bit)
* using session charset: UTF-8
* using options '--no-manual --as-cran'
* checking for file 'DataFrame/DESCRIPTION' ... OK
* checking extension type ... Package
* this is package 'DataFrame' version '1.0'
* checking package namespace information ... OK
* checking package dependencies ... OK
* checking if this is a source package ... OK
* checking if there is a namespace ... OK
* checking for executable files ... OK
* checking for hidden files and directories ... OK
* checking for portable file names ... OK
* checking serialization versions ... OK
* checking whether package 'DataFrame' can be installed ... WARNING
Found the following significant warnings:
  Warning: DataFrame-package.Rd:27: All text must be in a section
  Warning: DataFrame-package.Rd:28: All text must be in a section
See 'C:/Users/Magda/Desktop/Studia/stopień 2/SEM3/RProject/projekt_pakiet/DataFrame.Rcheck/00install.out' for details.
* checking installed package size ... OK
* checking package directory ... OK
* checking for future file timestamps ... OK
* checking DESCRIPTION meta-information ... NOTE
Malformed Title field: should not end in a period.
Non-standard license specification:
  GNU 2
Standardizable: FALSE
* checking top-level files ... OK
* checking for left-over files ... OK
* checking index information ... OK
* checking package subdirectories ... OK
* checking R files for non-ASCII characters ... OK
* checking R files for syntax errors ... OK
* checking whether the package can be loaded ... OK
* checking whether the package can be loaded with stated dependencies ... OK
* checking whether the package can be unloaded cleanly ... OK
* checking whether the namespace can be loaded with stated dependencies ... OK
* checking whether the namespace can be unloaded cleanly ... OK
* checking loading without being on the library search path ... OK
* checking dependencies in R code ... WARNING
'::' or ':::' import not declared from: 'caret'
'loadNamespace' or 'requireNamespace' call not declared from: 'caret'
* checking S3 generic/method consistency ... WARNING
summary:
  function(object, ...)
summary.DataFrame:
  function(df)

See section 'Generic functions and methods' in the 'Writing R
Extensions' manual.

Found the following apparent S3 methods exported but not registered:
  summary.DataFrame
See section 'Registering S3 methods' in the 'Writing R Extensions'
manual.
* checking replacement functions ... OK
* checking foreign function calls ... OK
* checking R code for possible problems ... [12s] NOTE
GeneratePlot.DataFrame: no visible global function definition for
  'density'
GeneratePlot.DataFrame: no visible global function definition for
  'polygon'
GeneratePlot.DataFrame: no visible global function definition for 'rgb'
GeneratePlot.DataFrame: no visible global function definition for
  'boxplot'
HandleMissingValues.DataFrame: no visible global function definition
  for 'complete.cases'
HandleMissingValues.DataFrame: no visible global function definition
  for 'median'
HandleMissingValues.DataFrame: no visible global function definition
  for 'approx'
custom_normalize.DataFrame : <anonymous>: no visible global function
  definition for 'median'
custom_normalize.DataFrame : <anonymous>: no visible global function
  definition for 'IQR'
custom_normalize.DataFrame : <anonymous>: no visible global function
  definition for 'sd'
encoding.DataFrame: no visible global function definition for
  'model.matrix'
summary.DataFrame: no visible global function definition for 'median'
summary.DataFrame: no visible global function definition for 'sd'
summary.DataFrame: no visible global function definition for 'var'
summary.DataFrame: no visible global function definition for 'quantile'
train_test_split.DataFrame: no visible global function definition for
  'install.packages'
Undefined global functions or variables:
  IQR approx boxplot complete.cases density install.packages median
  model.matrix polygon quantile rgb sd var
Consider adding
  importFrom("grDevices", "rgb")
  importFrom("graphics", "boxplot", "polygon")
  importFrom("stats", "IQR", "approx", "complete.cases", "density",
             "median", "model.matrix", "quantile", "sd", "var")
  importFrom("utils", "install.packages")
to your NAMESPACE file.
* checking Rd files ... WARNING
prepare_Rd: DataFrame-package.Rd:27: All text must be in a section
prepare_Rd: DataFrame-package.Rd:28: All text must be in a section
prepare_Rd: DataFrame.Rd:28-30: Dropping empty section \details
prepare_Rd: DataFrame.Rd:31-37: Dropping empty section \value
prepare_Rd: DataFrame.Rd:44-46: Dropping empty section \note
prepare_Rd: DataFrame.Rd:41-43: Dropping empty section \author
prepare_Rd: DataFrame.Rd:38-40: Dropping empty section \references
prepare_Rd: DataFrame.Rd:50-52: Dropping empty section \seealso
prepare_Rd: astype.DataFrame.Rd:25-27: Dropping empty section \details
prepare_Rd: astype.DataFrame.Rd:37-39: Dropping empty section \note
prepare_Rd: astype.DataFrame.Rd:34-36: Dropping empty section \author
prepare_Rd: astype.DataFrame.Rd:31-33: Dropping empty section \references
prepare_Rd: astype.DataFrame.Rd:43-45: Dropping empty section \seealso
prepare_Rd: encoding.DataFrame.Rd:28-30: Dropping empty section \details
prepare_Rd: encoding.DataFrame.Rd:40-42: Dropping empty section \note
prepare_Rd: encoding.DataFrame.Rd:37-39: Dropping empty section \author
prepare_Rd: encoding.DataFrame.Rd:34-36: Dropping empty section \references
prepare_Rd: encoding.DataFrame.Rd:46-48: Dropping empty section \seealso
prepare_Rd: train_test_split.DataFrame.Rd:28-30: Dropping empty section \details
prepare_Rd: train_test_split.DataFrame.Rd:40-42: Dropping empty section \note
prepare_Rd: train_test_split.DataFrame.Rd:37-39: Dropping empty section \author
prepare_Rd: train_test_split.DataFrame.Rd:34-36: Dropping empty section \references
prepare_Rd: train_test_split.DataFrame.Rd:46-48: Dropping empty section \seealso
* checking Rd metadata ... WARNING
Rd files with duplicated alias 'DataFrame':
  'DataFrame-package.Rd' 'DataFrame.Rd'
* checking Rd line widths ... OK
* checking Rd cross-references ... NOTE
Unknown package '<pkg>' in Rd xrefs
* checking for missing documentation entries ... OK
* checking for code/documentation mismatches ... OK
* checking Rd \usage sections ... WARNING
Undocumented arguments in documentation object 'HandleMissingValues.DataFrame'
  'method' 'columns'
Documented arguments not in \usage in documentation object 'HandleMissingValues.DataFrame':
  'column' 'plot_type'

Functions with \usage entries need to have the appropriate \alias
entries, and all their arguments documented.
The \usage entries must correspond to syntactically valid R code.
See chapter 'Writing R documentation files' in the 'Writing R
Extensions' manual.
* checking Rd contents ... OK
* checking for unstated dependencies in examples ... OK
* checking examples ... [13s] OK
Examples with CPU (user + system) or elapsed time > 5s
                  user system elapsed
DataFrame-package 5.08   0.57    9.75
* checking for non-standard things in the check directory ... OK
* checking for detritus in the temp directory ... OK
* DONE
Status: 6 WARNINGs, 3 NOTEs
